[23Mar2025 00:58:57.549] [main/INFO] [cpw.mods.modlauncher.Launcher/MODLAUNCHER]: ModLauncher running: args [--launchTarget, forgeclientuserdev, --version, 21.1.138, --assetIndex, 17, --assetsDir, C:\\Users\\Mark\\.gradle\\caches\\neoformruntime\\assets, --gameDir, ., --fml.neoForgeVersion, 21.1.138, --fml.fmlVersion, 4.0.38, --fml.mcVersion, 1.21.1, --fml.neoFormVersion, 20240808.144430]
[23Mar2025 00:58:57.552] [main/INFO] [cpw.mods.modlauncher.Launcher/MODLAUNCHER]: JVM identified as Eclipse Adoptium OpenJDK 64-Bit Server VM 21.0.6+7-LTS
[23Mar2025 00:58:57.553] [main/INFO] [cpw.mods.modlauncher.Launcher/MODLAUNCHER]: ModLauncher 11.0.4+main.d2e20e43 starting: java version 21.0.6 by Eclipse Adoptium; OS Windows 10 arch amd64 version 10.0
[23Mar2025 00:58:57.660] [main/INFO] [net.neoforged.fml.loading.ImmediateWindowHandler/]: Loading ImmediateWindowProvider fmlearlywindow
[23Mar2025 00:58:57.757] [main/INFO] [EARLYDISPLAY/]: Trying GL version 4.6
[23Mar2025 00:58:57.814] [main/INFO] [EARLYDISPLAY/]: Requested GL version 4.6 got version 4.6
[23Mar2025 00:58:57.896] [main/INFO] [mixin/]: SpongePowered MIXIN Subsystem Version=0.8.7 Source=union:/C:/Users/Mark/.gradle/caches/modules-2/files-2.1/net.fabricmc/sponge-mixin/0.15.2+mixin.0.8.7/2af2f021d8e02a0220dc27a7a72b4666d66d44ca/sponge-mixin-0.15.2+mixin.0.8.7.jar%23131!/ Service=ModLauncher Env=CLIENT
[23Mar2025 00:58:58.045] [pool-2-thread-1/INFO] [EARLYDISPLAY/]: GL info: AMD Radeon RX 6600 XT GL version 4.6.0 Core Profile Context 24.10.27.01.240827, ATI Technologies Inc.
[23Mar2025 00:58:58.208] [main/INFO] [net.neoforged.fml.loading.moddiscovery.locators.JarInJarDependencyLocator/]: Found 2 dependencies adding them to mods collection
[23Mar2025 00:58:58.209] [main/INFO] [net.neoforged.fml.loading.moddiscovery.ModDiscoverer/]: 
     Mod List:
		Name Version (Mod Id)

		Minecraft 1.21.1 (minecraft)
		NeoForge 21.1.138 (neoforge)
		Realistic Blood Phyics 1.0 (realisticbloodphysics)
[23Mar2025 00:58:58.879] [main/INFO] [cpw.mods.modlauncher.LaunchServiceHandler/MODLAUNCHER]: Launching target 'forgeclientuserdev' with arguments [--version, 21.1.138, --gameDir, ., --assetsDir, C:\Users\Mark\.gradle\caches\neoformruntime\assets, --assetIndex, 17]
[23Mar2025 00:58:58.945] [main/WARN] [mixin/]: Reference map 'realisticbloodphysics.refmap.json' for realisticbloodphysics.mixins.json could not be read. If this is a development environment you can ignore this message
[23Mar2025 00:59:00.463] [Datafixer Bootstrap/INFO] [com.mojang.datafixers.DataFixerBuilder/]: 229 Datafixer optimizations took 364 milliseconds
[23Mar2025 00:59:00.550] [main/WARN] [oshi.driver.windows.perfmon.PerfmonDisabled/]: Invalid registry value type detected for PerfOS counters. Should be REG_DWORD. Ignoring: HKEY_LOCAL_MACHINE\SYSTEM\CurrentControlSet\Services\PerfOS\Performance\Disable Performance Counters.
[23Mar2025 00:59:00.577] [main/WARN] [oshi.util.platform.windows.PerfDataUtil/]: Failed to add PDH Counter: \Paging File(_Total)\% Usage, Error code: 0xC0000BB8
[23Mar2025 00:59:00.578] [main/WARN] [oshi.util.platform.windows.PerfCounterQueryHandler/]: Failed to add counter for PDH counter: \Paging File(_Total)\% Usage
[23Mar2025 00:59:00.578] [main/WARN] [oshi.util.platform.windows.PerfCounterQuery/]: Disabling further attempts to query Paging File.
[23Mar2025 00:59:01.264] [main/WARN] [oshi.util.platform.windows.WmiQueryHandler/]: COM exception: Invalid Query: SELECT PERCENTUSAGE FROM Win32_PerfRawData_PerfOS_PagingFile
[23Mar2025 00:59:01.292] [pool-7-thread-1/INFO] [MixinExtras|Service/]: Initializing MixinExtras via com.llamalad7.mixinextras.service.MixinExtrasServiceImpl(version=0.4.1).
[23Mar2025 00:59:04.766] [main/WARN] [net.minecraft.commands.Commands/]: Ambiguity between arguments [teleport, location] and [teleport, destination] with inputs: [0.1 -0.5 .9, 0 0 0]
[23Mar2025 00:59:04.766] [main/WARN] [net.minecraft.commands.Commands/]: Ambiguity between arguments [teleport, location] and [teleport, targets] with inputs: [0.1 -0.5 .9, 0 0 0]
[23Mar2025 00:59:04.768] [main/WARN] [net.minecraft.commands.Commands/]: Ambiguity between arguments [teleport, destination] and [teleport, targets] with inputs: [Player, 0123, @e, dd12be42-52a9-4a91-a8a1-11c01849e498]
[23Mar2025 00:59:04.768] [main/WARN] [net.minecraft.commands.Commands/]: Ambiguity between arguments [teleport, targets] and [teleport, destination] with inputs: [Player, 0123, dd12be42-52a9-4a91-a8a1-11c01849e498]
[23Mar2025 00:59:04.769] [main/WARN] [net.minecraft.commands.Commands/]: Ambiguity between arguments [teleport, targets, location] and [teleport, targets, destination] with inputs: [0.1 -0.5 .9, 0 0 0]
[23Mar2025 00:59:04.849] [Render thread/WARN] [net.minecraft.server.packs.VanillaPackResourcesBuilder/]: Assets URL 'union:/C:/Users/Mark/IdeaProjects/Realistic%20Blood%20Phyics/build/moddev/artifacts/neoforge-21.1.138.jar%23183!/assets/.mcassetsroot' uses unexpected schema
[23Mar2025 00:59:04.849] [Render thread/WARN] [net.minecraft.server.packs.VanillaPackResourcesBuilder/]: Assets URL 'union:/C:/Users/Mark/IdeaProjects/Realistic%20Blood%20Phyics/build/moddev/artifacts/neoforge-21.1.138.jar%23183!/data/.mcassetsroot' uses unexpected schema
[23Mar2025 00:59:04.866] [Render thread/INFO] [com.mojang.authlib.yggdrasil.YggdrasilAuthenticationService/]: Environment: Environment[sessionHost=https://sessionserver.mojang.com, servicesHost=https://api.minecraftservices.com, name=PROD]
[23Mar2025 00:59:04.872] [Render thread/INFO] [net.minecraft.client.Minecraft/]: Setting user: Dev
[23Mar2025 00:59:04.929] [Render thread/INFO] [net.minecraft.client.Minecraft/]: Backend library: LWJGL version 3.3.3+5
[23Mar2025 00:59:05.131] [modloading-worker-0/INFO] [net.neoforged.neoforge.common.NeoForgeMod/NEOFORGE-MOD]: NeoForge mod loading, version 21.1.138, for MC 1.21.1
[23Mar2025 00:59:05.572] [Render thread/INFO] [net.neoforged.neoforge.gametest.GameTestHooks/]: Enabled Gametest Namespaces: [realisticbloodphysics]
[23Mar2025 00:59:05.659] [Render thread/INFO] [net.minecraft.server.packs.resources.ReloadableResourceManager/]: Reloading ResourceManager: vanilla, mod_resources, mod/realisticbloodphysics, mod/neoforge
[23Mar2025 00:59:05.666] [Worker-Main-1/INFO] [dev.gwgs.realisticbloodphysics.Realisticbloodphysics/]: HELLO FROM COMMON SETUP
[23Mar2025 00:59:05.666] [Worker-Main-1/INFO] [dev.gwgs.realisticbloodphysics.Realisticbloodphysics/]: DIRT BLOCK >> minecraft:dirt
[23Mar2025 00:59:05.666] [Worker-Main-1/INFO] [dev.gwgs.realisticbloodphysics.Realisticbloodphysics/]: The magic number is... 42
[23Mar2025 00:59:05.667] [Worker-Main-1/INFO] [dev.gwgs.realisticbloodphysics.Realisticbloodphysics/]: ITEM >> minecraft:iron_ingot
[23Mar2025 00:59:05.774] [Worker-Main-9/INFO] [dev.gwgs.realisticbloodphysics.Realisticbloodphysics/]: HELLO FROM CLIENT SETUP
[23Mar2025 00:59:05.774] [Worker-Main-9/INFO] [dev.gwgs.realisticbloodphysics.Realisticbloodphysics/]: MINECRAFT NAME >> Dev
[23Mar2025 00:59:05.778] [Worker-Main-6/INFO] [net.minecraft.client.gui.font.providers.UnihexProvider/]: Found unifont_all_no_pua-15.1.05.hex, loading
[23Mar2025 00:59:05.782] [Worker-Main-7/WARN] [net.minecraft.client.sounds.SoundManager/]: File realisticbloodphysics:sounds/blood3.ogg does not exist, cannot add it to event realisticbloodphysics:blood
[23Mar2025 00:59:05.829] [Worker-Main-13/INFO] [net.minecraft.client.gui.font.providers.UnihexProvider/]: Found unifont_jp_patch-15.1.05.hex, loading
[23Mar2025 00:59:06.777] [Render thread/WARN] [net.minecraft.client.sounds.SoundEngine/]: Missing sound for event: minecraft:item.goat_horn.play
[23Mar2025 00:59:06.778] [Render thread/WARN] [net.minecraft.client.sounds.SoundEngine/]: Missing sound for event: minecraft:entity.goat.screaming.horn_break
[23Mar2025 00:59:06.821] [Render thread/INFO] [com.mojang.blaze3d.audio.Library/]: OpenAL initialized on device OpenAL Soft on Headphones (Realtek USB2.0 Audio)
[23Mar2025 00:59:06.822] [Render thread/INFO] [net.minecraft.client.sounds.SoundEngine/SOUNDS]: Sound engine started
[23Mar2025 00:59:06.887] [Render thread/INFO] [net.minecraft.client.renderer.texture.TextureAtlas/]: Created: 1024x512x4 minecraft:textures/atlas/blocks.png-atlas
[23Mar2025 00:59:06.894] [Render thread/INFO] [net.minecraft.client.renderer.texture.TextureAtlas/]: Created: 256x256x4 minecraft:textures/atlas/signs.png-atlas
[23Mar2025 00:59:06.895] [Render thread/INFO] [net.minecraft.client.renderer.texture.TextureAtlas/]: Created: 512x512x4 minecraft:textures/atlas/shield_patterns.png-atlas
[23Mar2025 00:59:06.895] [Render thread/INFO] [net.minecraft.client.renderer.texture.TextureAtlas/]: Created: 512x512x4 minecraft:textures/atlas/banner_patterns.png-atlas
[23Mar2025 00:59:06.897] [Render thread/INFO] [net.minecraft.client.renderer.texture.TextureAtlas/]: Created: 1024x1024x4 minecraft:textures/atlas/armor_trims.png-atlas
[23Mar2025 00:59:06.903] [Render thread/INFO] [net.minecraft.client.renderer.texture.TextureAtlas/]: Created: 128x64x4 minecraft:textures/atlas/decorated_pot.png-atlas
[23Mar2025 00:59:06.904] [Render thread/INFO] [net.minecraft.client.renderer.texture.TextureAtlas/]: Created: 256x256x4 minecraft:textures/atlas/chest.png-atlas
[23Mar2025 00:59:06.904] [Render thread/INFO] [net.minecraft.client.renderer.texture.TextureAtlas/]: Created: 512x256x4 minecraft:textures/atlas/shulker_boxes.png-atlas
[23Mar2025 00:59:06.904] [Render thread/INFO] [net.minecraft.client.renderer.texture.TextureAtlas/]: Created: 512x256x4 minecraft:textures/atlas/beds.png-atlas
[23Mar2025 00:59:07.036] [Render thread/INFO] [net.minecraft.client.renderer.texture.TextureAtlas/]: Created: 512x256x0 minecraft:textures/atlas/particles.png-atlas
[23Mar2025 00:59:07.038] [Render thread/INFO] [net.minecraft.client.renderer.texture.TextureAtlas/]: Created: 512x256x0 minecraft:textures/atlas/paintings.png-atlas
[23Mar2025 00:59:07.038] [Render thread/INFO] [net.minecraft.client.renderer.texture.TextureAtlas/]: Created: 256x128x0 minecraft:textures/atlas/mob_effects.png-atlas
[23Mar2025 00:59:07.038] [Render thread/INFO] [net.minecraft.client.renderer.texture.TextureAtlas/]: Created: 64x64x0 minecraft:textures/atlas/map_decorations.png-atlas
[23Mar2025 00:59:07.039] [Render thread/INFO] [net.minecraft.client.renderer.texture.TextureAtlas/]: Created: 1024x512x0 minecraft:textures/atlas/gui.png-atlas
[23Mar2025 00:59:07.064] [Render thread/WARN] [net.minecraft.client.renderer.ShaderInstance/]: Shader rendertype_entity_translucent_emissive could not find sampler named Sampler2 in the specified shader program.
[23Mar2025 00:59:07.110] [Render thread/INFO] [net.neoforged.neoforge.client.entity.animation.json.AnimationLoader/]: Loaded 0 entity animations
[23Mar2025 00:59:10.632] [Render thread/INFO] [net.minecraft.world.item.crafting.RecipeManager/]: Loaded 1290 recipes
[23Mar2025 00:59:10.716] [Render thread/INFO] [net.minecraft.advancements.AdvancementTree/]: Loaded 1399 advancements
[23Mar2025 00:59:11.052] [Server thread/INFO] [net.minecraft.client.server.IntegratedServer/]: Starting integrated minecraft server version 1.21.1
[23Mar2025 00:59:11.052] [Server thread/INFO] [net.minecraft.server.MinecraftServer/]: Generating keypair
[23Mar2025 00:59:11.717] [Server thread/INFO] [net.minecraft.server.MinecraftServer/]: Preparing start region for dimension minecraft:overworld
[23Mar2025 00:59:11.936] [progressListener/INFO] [net.minecraft.server.level.progress.LoggerChunkProgressListener/]: Preparing spawn area: 0%
[23Mar2025 00:59:12.021] [Server thread/INFO] [net.neoforged.neoforge.server.permission.PermissionAPI/]: Successfully initialized permission handler neoforge:default_handler
[23Mar2025 00:59:12.021] [Server thread/INFO] [dev.gwgs.realisticbloodphysics.Realisticbloodphysics/]: HELLO from server starting
[23Mar2025 00:59:12.030] [progressListener/INFO] [net.minecraft.server.level.progress.LoggerChunkProgressListener/]: Time elapsed: 310 ms
[23Mar2025 00:59:12.112] [Server thread/INFO] [net.minecraft.client.server.IntegratedServer/]: Changing view distance to 12, from 10
[23Mar2025 00:59:12.112] [Server thread/INFO] [net.minecraft.client.server.IntegratedServer/]: Changing simulation distance to 12, from 0
[23Mar2025 00:59:12.667] [Server thread/INFO] [net.minecraft.server.players.PlayerList/]: Dev[local:E:4b23816c] logged in with entity id 23 at (-29.304769902477922, 82.79673560066871, 6.632681917749393)
[23Mar2025 00:59:12.718] [Server thread/INFO] [net.minecraft.server.MinecraftServer/]: Dev joined the game
[23Mar2025 00:59:12.856] [Render thread/INFO] [net.minecraft.advancements.AdvancementTree/]: Loaded 73 advancements
[23Mar2025 00:59:23.093] [Render thread/INFO] [net.minecraft.client.gui.components.ChatComponent/]: [System] [CHAT] Saved screenshot as 2025-03-23_00.59.22.png
[23Mar2025 00:59:52.571] [Server thread/INFO] [net.minecraft.client.server.IntegratedServer/]: Saving and pausing game...
[23Mar2025 00:59:52.582] [Server thread/INFO] [net.minecraft.server.MinecraftServer/]: Saving chunks for level 'ServerLevel[Test World]'/minecraft:overworld
[23Mar2025 00:59:52.593] [Server thread/INFO] [net.minecraft.server.MinecraftServer/]: Saving chunks for level 'ServerLevel[Test World]'/minecraft:the_nether
[23Mar2025 00:59:52.593] [Server thread/INFO] [net.minecraft.server.MinecraftServer/]: Saving chunks for level 'ServerLevel[Test World]'/minecraft:the_end
[23Mar2025 00:59:53.025] [Server thread/INFO] [net.minecraft.server.network.ServerGamePacketListenerImpl/]: Dev lost connection: Disconnected
[23Mar2025 00:59:53.025] [Server thread/INFO] [net.minecraft.server.MinecraftServer/]: Dev left the game
[23Mar2025 00:59:53.040] [Server thread/INFO] [net.minecraft.server.network.ServerCommonPacketListenerImpl/]: Stopping singleplayer server as player logged out
[23Mar2025 00:59:53.082] [Server thread/INFO] [net.minecraft.server.MinecraftServer/]: Stopping server
[23Mar2025 00:59:53.082] [Server thread/INFO] [net.minecraft.server.MinecraftServer/]: Saving players
[23Mar2025 00:59:53.082] [Server thread/INFO] [net.minecraft.server.MinecraftServer/]: Saving worlds
[23Mar2025 00:59:53.122] [Server thread/INFO] [net.minecraft.server.MinecraftServer/]: Saving chunks for level 'ServerLevel[Test World]'/minecraft:overworld
[23Mar2025 00:59:53.191] [Server thread/INFO] [net.minecraft.server.MinecraftServer/]: Saving chunks for level 'ServerLevel[Test World]'/minecraft:the_nether
[23Mar2025 00:59:53.197] [Server thread/INFO] [net.minecraft.server.MinecraftServer/]: Saving chunks for level 'ServerLevel[Test World]'/minecraft:the_end
[23Mar2025 00:59:53.209] [Server thread/INFO] [net.minecraft.server.MinecraftServer/]: ThreadedAnvilChunkStorage (Test World): All chunks are saved
[23Mar2025 00:59:53.210] [Server thread/INFO] [net.minecraft.server.MinecraftServer/]: ThreadedAnvilChunkStorage (DIM-1): All chunks are saved
[23Mar2025 00:59:53.210] [Server thread/INFO] [net.minecraft.server.MinecraftServer/]: ThreadedAnvilChunkStorage (DIM1): All chunks are saved
[23Mar2025 00:59:53.210] [Server thread/INFO] [net.minecraft.server.MinecraftServer/]: ThreadedAnvilChunkStorage: All dimensions are saved
[23Mar2025 01:01:48.773] [Render thread/INFO] [net.minecraft.client.Minecraft/]: Stopping!
